<?xml version="1.0" encoding="UTF-8"?>
<!-- Generated by org.testng.reporters.JUnitReportReporter -->
<testsuite hostname="Samuel" failures="0" tests="1" name="com.myapp.testcases.LoginPageTest" time="17.477" errors="0" timestamp="2024-12-22T22:46:40 IST" skipped="0">
  <testcase classname="com.myapp.testcases.LoginPageTest" name="loginTest" time="17.477"/>
  <system-out/>
</testsuite> <!-- com.myapp.testcases.LoginPageTest -->
