<?xml version="1.0" encoding="UTF-8"?>
<!-- Generated by org.testng.reporters.JUnitReportReporter -->
<testsuite hostname="Samuel" failures="0" tests="1" name="com.myapp.testcases.AccountCreationPageTest" time="10.199" errors="0" timestamp="2024-12-23T19:35:36 IST" skipped="0">
  <testcase classname="com.myapp.testcases.AccountCreationPageTest" name="verifyCreateAccountPageTest" time="10.199"/>
  <system-out/>
</testsuite> <!-- com.myapp.testcases.AccountCreationPageTest -->
