<?xml version="1.0" encoding="UTF-8"?>
<!-- Generated by org.testng.reporters.JUnitReportReporter -->
<testsuite hostname="Samuel" failures="0" tests="1" name="com.myapp.testcases.SearchResultPageTest" time="15.250" errors="0" timestamp="2024-12-23T22:54:59 IST" skipped="0">
  <testcase classname="com.myapp.testcases.SearchResultPageTest" name="productAvailabilityTest" time="15.250"/>
  <system-out/>
</testsuite> <!-- com.myapp.testcases.SearchResultPageTest -->
