<?xml version="1.0" encoding="UTF-8"?>
<!-- Generated by org.testng.reporters.JUnitReportReporter -->
<testsuite hostname="Samuel" failures="0" tests="2" name="com.myapp.testcases.IndexPageTest" time="19.689" errors="0" timestamp="2024-12-22T21:59:53 IST" skipped="0">
  <testcase classname="com.myapp.testcases.IndexPageTest" name="verifyLogo" time="7.740"/>
  <system-out/>
  <testcase classname="com.myapp.testcases.IndexPageTest" name="verifyTitle" time="11.949"/>
  <system-out/>
</testsuite> <!-- com.myapp.testcases.IndexPageTest -->
