<?xml version="1.0" encoding="UTF-8"?>
<!-- Generated by org.testng.reporters.JUnitReportReporter -->
<testsuite hostname="Samuel" failures="0" tests="3" name="com.myapp.testcases.AccountCreationPageTest" time="32.729" errors="0" timestamp="2024-12-26T00:52:39 IST" skipped="0">
  <testcase classname="com.myapp.testcases.AccountCreationPageTest" name="verifyCreateAccountPageTest" time="10.822"/>
  <system-out/>
  <testcase classname="com.myapp.testcases.AccountCreationPageTest" name="verifyCreateAccountPageTest" time="9.689"/>
  <system-out/>
  <testcase classname="com.myapp.testcases.AccountCreationPageTest" name="verifyCreateAccountPageTest" time="12.218"/>
  <system-out/>
</testsuite> <!-- com.myapp.testcases.AccountCreationPageTest -->
