<?xml version="1.0" encoding="UTF-8"?>
<!-- Generated by org.testng.reporters.JUnitReportReporter -->
<testsuite hostname="Samuel" failures="0" tests="2" name="com.myapp.testcases.IndexPageTest" time="11.630" errors="0" timestamp="2024-12-26T00:52:39 IST" skipped="0">
  <testcase classname="com.myapp.testcases.IndexPageTest" name="verifyLogo" time="5.118"/>
  <system-out/>
  <testcase classname="com.myapp.testcases.IndexPageTest" name="verifyTitle" time="6.512"/>
  <system-out/>
</testsuite> <!-- com.myapp.testcases.IndexPageTest -->
