<?xml version="1.0" encoding="UTF-8"?>
<!-- Generated by org.testng.reporters.JUnitReportReporter -->
<testsuite hostname="Samuel" failures="0" tests="1" name="com.myapp.testcases.HomePageTest" time="13.926" errors="0" timestamp="2024-12-22T23:08:50 IST" skipped="0">
  <testcase classname="com.myapp.testcases.HomePageTest" name="homePageValidationTest" time="13.926"/>
  <system-out/>
</testsuite> <!-- com.myapp.testcases.HomePageTest -->
