<?xml version="1.0" encoding="UTF-8"?>
<!-- Generated by org.testng.reporters.JUnitReportReporter -->
<testsuite hostname="Samuel" failures="0" tests="1" name="com.myapp.testcases.SearchResultPageTest" time="13.940" errors="0" timestamp="2024-12-26T00:52:39 IST" skipped="0">
  <testcase classname="com.myapp.testcases.SearchResultPageTest" name="productAvailabilityTest" time="13.940"/>
  <system-out/>
</testsuite> <!-- com.myapp.testcases.SearchResultPageTest -->
